<?xml version="1.0" encoding="UTF-8"?>
<testng-results skipped="0" failed="0" total="1" passed="1">
  <reporter-output>
  </reporter-output>
  <suite name="Default suite" duration-ms="4067" started-at="2020-07-01T17:25:14Z" finished-at="2020-07-01T17:25:18Z">
    <groups>
    </groups>
    <test name="Default test" duration-ms="4067" started-at="2020-07-01T17:25:14Z" finished-at="2020-07-01T17:25:18Z">
      <class name="Dashboards.DashboardsRequests">
        <test-method status="PASS" signature="getDashboards()[pri:0, instance:Dashboards.DashboardsRequests@51081592]" name="getDashboards" duration-ms="4041" started-at="2020-07-01T22:55:14Z" finished-at="2020-07-01T22:55:18Z">
          <reporter-output>
          </reporter-output>
        </test-method> <!-- getDashboards -->
      </class> <!-- Dashboards.DashboardsRequests -->
    </test> <!-- Default test -->
  </suite> <!-- Default suite -->
</testng-results>
